Benchmark: apex5
Inputs: 117
Outputs: 88
BDD type: ROBDD
BDD construct time (s): 0.5339412689208984
	Output variable: f0
	Nodes: 3
	Edges: 2
	BDD show time (s): 0.05091428756713867
	Output variable: f1
	Nodes: 10
	Edges: 16
	BDD show time (s): 0.05121326446533203
	Output variable: f2
	Nodes: 11
	Edges: 18
	BDD show time (s): 0.05111050605773926
	Output variable: f3
	Nodes: 35
	Edges: 66
	BDD show time (s): 0.05232048034667969
	Output variable: f4
	Nodes: 35
	Edges: 66
	BDD show time (s): 0.05176091194152832
	Output variable: f5
	Nodes: 36
	Edges: 68
	BDD show time (s): 0.05198359489440918
	Output variable: f6
	Nodes: 36
	Edges: 68
	BDD show time (s): 0.0518193244934082
	Output variable: f7
	Nodes: 35
	Edges: 66
	BDD show time (s): 0.05185699462890625
	Output variable: f8
	Nodes: 35
	Edges: 66
	BDD show time (s): 0.05203104019165039
	Output variable: f9
	Nodes: 29
	Edges: 54
	BDD show time (s): 0.05192685127258301
	Output variable: f10
	Nodes: 31
	Edges: 58
	BDD show time (s): 0.05178999900817871
	Output variable: f11
	Nodes: 13
	Edges: 22
	BDD show time (s): 0.05154013633728027
	Output variable: f12
	Nodes: 13
	Edges: 22
	BDD show time (s): 0.05129289627075195
	Output variable: f13
	Nodes: 13
	Edges: 22
	BDD show time (s): 0.051560163497924805
	Output variable: f14
	Nodes: 13
	Edges: 22
	BDD show time (s): 0.05156445503234863
	Output variable: f15
	Nodes: 13
	Edges: 22
	BDD show time (s): 0.05140852928161621
	Output variable: f16
	Nodes: 13
	Edges: 22
	BDD show time (s): 0.0515131950378418
	Output variable: f17
	Nodes: 13
	Edges: 22
	BDD show time (s): 0.0515446662902832
	Output variable: f18
	Nodes: 13
	Edges: 22
	BDD show time (s): 0.051636457443237305
	Output variable: f19
	Nodes: 3
	Edges: 2
	BDD show time (s): 0.0512385368347168
	Output variable: f20
	Nodes: 3
	Edges: 2
	BDD show time (s): 0.05112719535827637
	Output variable: f21
	Nodes: 13
	Edges: 22
	BDD show time (s): 0.051529884338378906
	Output variable: f22
	Nodes: 13
	Edges: 22
	BDD show time (s): 0.05148816108703613
	Output variable: f23
	Nodes: 13
	Edges: 22
	BDD show time (s): 0.051494598388671875
	Output variable: f24
	Nodes: 13
	Edges: 22
	BDD show time (s): 0.051499366760253906
	Output variable: f25
	Nodes: 13
	Edges: 22
	BDD show time (s): 0.05154585838317871
	Output variable: f26
	Nodes: 13
	Edges: 22
	BDD show time (s): 0.051538944244384766
	Output variable: f27
	Nodes: 4
	Edges: 4
	BDD show time (s): 0.05120587348937988
	Output variable: f28
	Nodes: 4
	Edges: 4
	BDD show time (s): 0.051108360290527344
	Output variable: f29
	Nodes: 1
	Edges: 0
	BDD show time (s): 0.051064491271972656
	Output variable: f30
	Nodes: 1
	Edges: 0
	BDD show time (s): 0.0510561466217041
	Output variable: f31
	Nodes: 1
	Edges: 0
	BDD show time (s): 0.051026344299316406
	Output variable: f32
	Nodes: 16
	Edges: 28
	BDD show time (s): 0.051631927490234375
	Output variable: f33
	Nodes: 16
	Edges: 28
	BDD show time (s): 0.051694631576538086
	Output variable: f34
	Nodes: 16
	Edges: 28
	BDD show time (s): 0.05158257484436035
	Output variable: f35
	Nodes: 16
	Edges: 28
	BDD show time (s): 0.05163741111755371
	Output variable: f36
	Nodes: 16
	Edges: 28
	BDD show time (s): 0.05162334442138672
	Output variable: f37
	Nodes: 16
	Edges: 28
	BDD show time (s): 0.05174112319946289
	Output variable: f38
	Nodes: 16
	Edges: 28
	BDD show time (s): 0.05166220664978027
	Output variable: f39
	Nodes: 16
	Edges: 28
	BDD show time (s): 0.05167889595031738
	Output variable: f40
	Nodes: 16
	Edges: 28
	BDD show time (s): 0.0516207218170166
	Output variable: f41
	Nodes: 16
	Edges: 28
	BDD show time (s): 0.05164384841918945
	Output variable: f42
	Nodes: 16
	Edges: 28
	BDD show time (s): 0.05166339874267578
	Output variable: f43
	Nodes: 16
	Edges: 28
	BDD show time (s): 0.05162668228149414
	Output variable: f44
	Nodes: 16
	Edges: 28
	BDD show time (s): 0.05166363716125488
	Output variable: f45
	Nodes: 16
	Edges: 28
	BDD show time (s): 0.0515897274017334
	Output variable: f46
	Nodes: 16
	Edges: 28
	BDD show time (s): 0.05169820785522461
	Output variable: f47
	Nodes: 16
	Edges: 28
	BDD show time (s): 0.05163073539733887
	Output variable: f48
	Nodes: 13
	Edges: 22
	BDD show time (s): 0.05173659324645996
	Output variable: f49
	Nodes: 13
	Edges: 22
	BDD show time (s): 0.05174565315246582
	Output variable: f50
	Nodes: 13
	Edges: 22
	BDD show time (s): 0.05161142349243164
	Output variable: f51
	Nodes: 13
	Edges: 22
	BDD show time (s): 0.05153036117553711
	Output variable: f52
	Nodes: 13
	Edges: 22
	BDD show time (s): 0.0515444278717041
	Output variable: f53
	Nodes: 13
	Edges: 22
	BDD show time (s): 0.051489830017089844
	Output variable: f54
	Nodes: 13
	Edges: 22
	BDD show time (s): 0.05155038833618164
	Output variable: f55
	Nodes: 13
	Edges: 22
	BDD show time (s): 0.05153799057006836
	Output variable: f56
	Nodes: 13
	Edges: 22
	BDD show time (s): 0.05151677131652832
	Output variable: f57
	Nodes: 13
	Edges: 22
	BDD show time (s): 0.05144977569580078
	Output variable: f58
	Nodes: 14
	Edges: 24
	BDD show time (s): 0.05154228210449219
	Output variable: f59
	Nodes: 14
	Edges: 24
	BDD show time (s): 0.05802202224731445
	Output variable: f60
	Nodes: 13
	Edges: 22
	BDD show time (s): 0.0515289306640625
	Output variable: f61
	Nodes: 13
	Edges: 22
	BDD show time (s): 0.05162692070007324
	Output variable: f62
	Nodes: 13
	Edges: 22
	BDD show time (s): 0.051544904708862305
	Output variable: f63
	Nodes: 14
	Edges: 24
	BDD show time (s): 0.05153536796569824
	Output variable: f64
	Nodes: 35
	Edges: 66
	BDD show time (s): 0.05217242240905762
	Output variable: f65
	Nodes: 35
	Edges: 66
	BDD show time (s): 0.05226421356201172
	Output variable: f66
	Nodes: 32
	Edges: 60
	BDD show time (s): 0.051971435546875
	Output variable: f67
	Nodes: 32
	Edges: 60
	BDD show time (s): 0.05218648910522461
	Output variable: f68
	Nodes: 35
	Edges: 66
	BDD show time (s): 0.0522158145904541
	Output variable: f69
	Nodes: 35
	Edges: 66
	BDD show time (s): 0.05201601982116699
	Output variable: f70
	Nodes: 35
	Edges: 66
	BDD show time (s): 0.052195072174072266
	Output variable: f71
	Nodes: 31
	Edges: 58
	BDD show time (s): 0.052155494689941406
	Output variable: f72
	Nodes: 29
	Edges: 54
	BDD show time (s): 0.052196502685546875
	Output variable: f73
	Nodes: 29
	Edges: 54
	BDD show time (s): 0.05228090286254883
	Output variable: f74
	Nodes: 30
	Edges: 56
	BDD show time (s): 0.05246400833129883
	Output variable: f75
	Nodes: 29
	Edges: 54
	BDD show time (s): 0.05197477340698242
	Output variable: f76
	Nodes: 36
	Edges: 68
	BDD show time (s): 0.05218100547790527
	Output variable: f77
	Nodes: 33
	Edges: 62
	BDD show time (s): 0.052216291427612305
	Output variable: f78
	Nodes: 36
	Edges: 68
	BDD show time (s): 0.05239081382751465
	Output variable: f79
	Nodes: 36
	Edges: 68
	BDD show time (s): 0.05242156982421875
	Output variable: f80
	Nodes: 32
	Edges: 60
	BDD show time (s): 0.05223870277404785
	Output variable: f81
	Nodes: 32
	Edges: 60
	BDD show time (s): 0.05909085273742676
	Output variable: f82
	Nodes: 33
	Edges: 62
	BDD show time (s): 0.0522611141204834
	Output variable: f83
	Nodes: 34
	Edges: 64
	BDD show time (s): 0.052194833755493164
	Output variable: f84
	Nodes: 36
	Edges: 68
	BDD show time (s): 0.05238533020019531
	Output variable: f85
	Nodes: 32
	Edges: 60
	BDD show time (s): 0.0522308349609375
	Output variable: f86
	Nodes: 33
	Edges: 62
	BDD show time (s): 0.05248880386352539
	Output variable: f87
	Nodes: 34
	Edges: 64
	BDD show time (s): 0.05248665809631348
