Benchmark: pdc
Inputs: 16
Outputs: 40
BDD type: ROBDD
BDD construct time (s): 0.7427370548248291
	Output variable: f0
	Nodes: 29
	Edges: 54
	BDD show time (s): 0.05125570297241211
	Output variable: f1
	Nodes: 29
	Edges: 54
	BDD show time (s): 0.05138683319091797
	Output variable: f2
	Nodes: 31
	Edges: 58
	BDD show time (s): 0.05127286911010742
	Output variable: f3
	Nodes: 82
	Edges: 160
	BDD show time (s): 0.05147838592529297
	Output variable: f4
	Nodes: 59
	Edges: 114
	BDD show time (s): 0.051383018493652344
	Output variable: f5
	Nodes: 65
	Edges: 126
	BDD show time (s): 0.0512847900390625
	Output variable: f6
	Nodes: 5
	Edges: 6
	BDD show time (s): 0.05116558074951172
	Output variable: f7
	Nodes: 31
	Edges: 58
	BDD show time (s): 0.05152630805969238
	Output variable: f8
	Nodes: 68
	Edges: 132
	BDD show time (s): 0.05132555961608887
	Output variable: f9
	Nodes: 45
	Edges: 86
	BDD show time (s): 0.051302194595336914
	Output variable: f10
	Nodes: 19
	Edges: 34
	BDD show time (s): 0.051169395446777344
	Output variable: f11
	Nodes: 17
	Edges: 30
	BDD show time (s): 0.05128836631774902
	Output variable: f12
	Nodes: 10
	Edges: 16
	BDD show time (s): 0.05105876922607422
	Output variable: f13
	Nodes: 10
	Edges: 16
	BDD show time (s): 0.05112576484680176
	Output variable: f14
	Nodes: 4
	Edges: 4
	BDD show time (s): 0.05090975761413574
	Output variable: f15
	Nodes: 6
	Edges: 8
	BDD show time (s): 0.050820350646972656
	Output variable: f16
	Nodes: 53
	Edges: 102
	BDD show time (s): 0.05130720138549805
	Output variable: f17
	Nodes: 52
	Edges: 100
	BDD show time (s): 0.051393985748291016
	Output variable: f18
	Nodes: 51
	Edges: 98
	BDD show time (s): 0.05123591423034668
	Output variable: f19
	Nodes: 49
	Edges: 94
	BDD show time (s): 0.05138993263244629
	Output variable: f20
	Nodes: 24
	Edges: 44
	BDD show time (s): 0.05126333236694336
	Output variable: f21
	Nodes: 14
	Edges: 24
	BDD show time (s): 0.05117964744567871
	Output variable: f22
	Nodes: 26
	Edges: 48
	BDD show time (s): 0.05134916305541992
	Output variable: f23
	Nodes: 35
	Edges: 66
	BDD show time (s): 0.05164623260498047
	Output variable: f24
	Nodes: 28
	Edges: 52
	BDD show time (s): 0.051392316818237305
	Output variable: f25
	Nodes: 9
	Edges: 14
	BDD show time (s): 0.051187753677368164
	Output variable: f26
	Nodes: 32
	Edges: 60
	BDD show time (s): 0.05146360397338867
	Output variable: f27
	Nodes: 10
	Edges: 16
	BDD show time (s): 0.051100969314575195
	Output variable: f28
	Nodes: 44
	Edges: 84
	BDD show time (s): 0.051444053649902344
	Output variable: f29
	Nodes: 43
	Edges: 82
	BDD show time (s): 0.051596879959106445
	Output variable: f30
	Nodes: 24
	Edges: 44
	BDD show time (s): 0.051543235778808594
	Output variable: f31
	Nodes: 25
	Edges: 46
	BDD show time (s): 0.05131983757019043
	Output variable: f32
	Nodes: 16
	Edges: 28
	BDD show time (s): 0.051259756088256836
	Output variable: f33
	Nodes: 29
	Edges: 54
	BDD show time (s): 0.05142688751220703
	Output variable: f34
	Nodes: 34
	Edges: 64
	BDD show time (s): 0.05152153968811035
	Output variable: f35
	Nodes: 28
	Edges: 52
	BDD show time (s): 0.05135989189147949
	Output variable: f36
	Nodes: 51
	Edges: 98
	BDD show time (s): 0.051422119140625
	Output variable: f37
	Nodes: 46
	Edges: 88
	BDD show time (s): 0.051537275314331055
	Output variable: f38
	Nodes: 9
	Edges: 14
	BDD show time (s): 0.05118131637573242
	Output variable: f39
	Nodes: 9
	Edges: 14
	BDD show time (s): 0.05115818977355957
