Benchmark: example
Inputs: 5
Outputs: 1
BDD type: ROBDD
BDD construct time (s): 0.4591944217681885
	Output variable: f
	Nodes: 10
	Edges: 16
	BDD show time (s): 0.05121469497680664
Partition alpha: 0.0
Partition D: 3
Partition K: 6
Partition ILP time (s): 0.25281620025634766
Partition status: Optimal
Partition objective S: 18.0
N: 6
I: 18
Roots: [0]
Terminal: [8]
Gap (%): 17.18
	Crossbar: 0
	Rows: 3
	Columns: 2
	Nodes: [2, 4, 6]
	Edges: [(2, 4), (4, 6)]
	Crossbar: 1
	Rows: 3
	Columns: 2
	Nodes: [6, 7, 8]
	Edges: [(6, 8), (7, 8)]
	Crossbar: 2
	Rows: 3
	Columns: 2
	Nodes: [1, 3, 5]
	Edges: [(1, 5), (1, 3)]
	Crossbar: 3
	Rows: 3
	Columns: 2
	Nodes: [0, 1, 2]
	Edges: [(0, 2), (0, 1)]
	Crossbar: 4
	Rows: 3
	Columns: 2
	Nodes: [2, 3, 6]
	Edges: [(2, 3), (3, 6)]
	Crossbar: 5
	Rows: 3
	Columns: 2
	Nodes: [4, 5, 7]
	Edges: [(4, 7), (5, 7)]
